This file contains any messages produced by compilers while
running configure, to aid debugging if configure makes a mistake.

It was created by mktae configure 1.0.0, which was
generated by GNU Autoconf 2.63.  Invocation command line was

  $ ./configure --prefix=/export/ciao

## --------- ##
## Platform. ##
## --------- ##

hostname = lenin
uname -m = x86_64
uname -r = 2.6.32-754.17.1.el6.x86_64
uname -s = Linux
uname -v = #1 SMP Tue Jul 2 12:42:48 UTC 2019

/usr/bin/uname -p = unknown
/bin/uname -X     = unknown

/bin/arch              = x86_64
/usr/bin/arch -k       = unknown
/usr/convex/getsysinfo = unknown
/usr/bin/hostinfo      = unknown
/bin/machine           = unknown
/usr/bin/oslevel       = unknown
/bin/universe          = unknown

PATH: /export/local/src/jre1.6.0_18/bin
PATH: /export/local/bin
PATH: /bin
PATH: /sbin
PATH: /usr/bin
PATH: /usr/sbin
PATH: /usr/local/bin
PATH: /usr/local/sbin
PATH: /usr/bin/X11
PATH: /usr/X11R6/bin
PATH: /usr/atria/bin
PATH: /data/tools/staff/kjg/local.linux/bin
PATH: /data/scidev/staff/kjg/local/bin
PATH: /usr/lib/nmh
PATH: /data/scidev/staff/kjg/local/opt/openoffice.org3/program
PATH: .
PATH: .


## ----------- ##
## Core tests. ##
## ----------- ##

configure:1893: checking for a BSD-compatible install
configure:1961: result: /usr/bin/install -c
configure:1972: checking whether build environment is sane
configure:2032: result: yes
configure:2173: checking for a thread-safe mkdir -p
configure:2212: result: /bin/mkdir -p
configure:2225: checking for gawk
configure:2241: found /bin/gawk
configure:2252: result: gawk
configure:2263: checking whether make sets $(MAKE)
configure:2285: result: yes
configure:2415: checking for gcc
configure:2431: found /usr/bin/gcc
configure:2442: result: gcc
configure:2674: checking for C compiler version
configure:2682: gcc --version >&5
gcc (GCC) 4.4.7 20120313 (Red Hat 4.4.7-23)
Copyright (C) 2010 Free Software Foundation, Inc.
This is free software; see the source for copying conditions.  There is NO
warranty; not even for MERCHANTABILITY or FITNESS FOR A PARTICULAR PURPOSE.

configure:2686: $? = 0
configure:2693: gcc -v >&5
Using built-in specs.
Target: x86_64-redhat-linux
Configured with: ../configure --prefix=/usr --mandir=/usr/share/man --infodir=/usr/share/info --with-bugurl=http://bugzilla.redhat.com/bugzilla --enable-bootstrap --enable-shared --enable-threads=posix --enable-checking=release --with-system-zlib --enable-__cxa_atexit --disable-libunwind-exceptions --enable-gnu-unique-object --enable-languages=c,c++,objc,obj-c++,java,fortran,ada --enable-java-awt=gtk --disable-dssi --with-java-home=/usr/lib/jvm/java-1.5.0-gcj-1.5.0.0/jre --enable-libgcj-multifile --enable-java-maintainer-mode --with-ecj-jar=/usr/share/java/eclipse-ecj.jar --disable-libjava-multilib --with-ppl --with-cloog --with-tune=generic --with-arch_32=i686 --build=x86_64-redhat-linux
Thread model: posix
gcc version 4.4.7 20120313 (Red Hat 4.4.7-23) (GCC) 
configure:2697: $? = 0
configure:2704: gcc -V >&5
gcc: '-V' option must have argument
configure:2708: $? = 1
configure:2731: checking for C compiler default output file name
configure:2753: gcc    conftest.c  >&5
configure:2757: $? = 0
configure:2795: result: a.out
configure:2814: checking whether the C compiler works
configure:2824: ./a.out
configure:2828: $? = 0
configure:2847: result: yes
configure:2854: checking whether we are cross compiling
configure:2856: result: no
configure:2859: checking for suffix of executables
configure:2866: gcc -o conftest    conftest.c  >&5
configure:2870: $? = 0
configure:2896: result: 
configure:2902: checking for suffix of object files
configure:2928: gcc -c   conftest.c >&5
configure:2932: $? = 0
configure:2957: result: o
configure:2961: checking whether we are using the GNU C compiler
configure:2990: gcc -c   conftest.c >&5
configure:2997: $? = 0
configure:3014: result: yes
configure:3023: checking whether gcc accepts -g
configure:3053: gcc -c -g  conftest.c >&5
configure:3060: $? = 0
configure:3161: result: yes
configure:3178: checking for gcc option to accept ISO C89
configure:3252: gcc  -c -g -O2  conftest.c >&5
configure:3259: $? = 0
configure:3282: result: none needed
configure:3311: checking for style of include used by make
configure:3339: result: GNU
configure:3364: checking dependency style of gcc
configure:3474: result: gcc3
configure:3490: checking whether gcc and cc understand -c and -o together
configure:3525: gcc -c conftest.c -o conftest2.o >&5
configure:3529: $? = 0
configure:3535: gcc -c conftest.c -o conftest2.o >&5
configure:3539: $? = 0
configure:3550: cc -c conftest.c >&5
configure:3554: $? = 0
configure:3562: cc -c conftest.c -o conftest2.o >&5
configure:3566: $? = 0
configure:3572: cc -c conftest.c -o conftest2.o >&5
configure:3576: $? = 0
configure:3594: result: yes
configure:3679: checking for g++
configure:3695: found /usr/bin/g++
configure:3706: result: g++
configure:3733: checking for C++ compiler version
configure:3741: g++ --version >&5
g++ (GCC) 4.4.7 20120313 (Red Hat 4.4.7-23)
Copyright (C) 2010 Free Software Foundation, Inc.
This is free software; see the source for copying conditions.  There is NO
warranty; not even for MERCHANTABILITY or FITNESS FOR A PARTICULAR PURPOSE.

configure:3745: $? = 0
configure:3752: g++ -v >&5
Using built-in specs.
Target: x86_64-redhat-linux
Configured with: ../configure --prefix=/usr --mandir=/usr/share/man --infodir=/usr/share/info --with-bugurl=http://bugzilla.redhat.com/bugzilla --enable-bootstrap --enable-shared --enable-threads=posix --enable-checking=release --with-system-zlib --enable-__cxa_atexit --disable-libunwind-exceptions --enable-gnu-unique-object --enable-languages=c,c++,objc,obj-c++,java,fortran,ada --enable-java-awt=gtk --disable-dssi --with-java-home=/usr/lib/jvm/java-1.5.0-gcj-1.5.0.0/jre --enable-libgcj-multifile --enable-java-maintainer-mode --with-ecj-jar=/usr/share/java/eclipse-ecj.jar --disable-libjava-multilib --with-ppl --with-cloog --with-tune=generic --with-arch_32=i686 --build=x86_64-redhat-linux
Thread model: posix
gcc version 4.4.7 20120313 (Red Hat 4.4.7-23) (GCC) 
configure:3756: $? = 0
configure:3763: g++ -V >&5
g++: '-V' option must have argument
configure:3767: $? = 1
configure:3770: checking whether we are using the GNU C++ compiler
configure:3799: g++ -c   conftest.cpp >&5
configure:3806: $? = 0
configure:3823: result: yes
configure:3832: checking whether g++ accepts -g
configure:3862: g++ -c -g  conftest.cpp >&5
configure:3869: $? = 0
configure:3970: result: yes
configure:3995: checking dependency style of g++
configure:4105: result: gcc3
configure:4120: checking for a sed that does not truncate output
configure:4186: result: /bin/sed
configure:4218: checking for tgetent
configure:4274: gcc -o conftest -g -O2   conftest.c  >&5
/tmp/ccwpfyHg.o: In function `main':
/data/lenin2/Projects/kCIAO/Mktae/conftest.c:44: undefined reference to `tgetent'
collect2: ld returned 1 exit status
configure:4281: $? = 1
configure: failed program was:
| /* confdefs.h.  */
| #define PACKAGE_NAME "mktae"
| #define PACKAGE_TARNAME "mktae"
| #define PACKAGE_VERSION "1.0.0"
| #define PACKAGE_STRING "mktae 1.0.0"
| #define PACKAGE_BUGREPORT "glotfeltyk@si.edu"
| #define PACKAGE "mktae"
| #define VERSION "1.0.0"
| /* end confdefs.h.  */
| /* Define tgetent to an innocuous variant, in case <limits.h> declares tgetent.
|    For example, HP-UX 11i <limits.h> declares gettimeofday.  */
| #define tgetent innocuous_tgetent
| 
| /* System header to define __stub macros and hopefully few prototypes,
|     which can conflict with char tgetent (); below.
|     Prefer <limits.h> to <assert.h> if __STDC__ is defined, since
|     <limits.h> exists even on freestanding compilers.  */
| 
| #ifdef __STDC__
| # include <limits.h>
| #else
| # include <assert.h>
| #endif
| 
| #undef tgetent
| 
| /* Override any GCC internal prototype to avoid an error.
|    Use char because int might match the return type of a GCC
|    builtin and then its argument prototype would still apply.  */
| #ifdef __cplusplus
| extern "C"
| #endif
| char tgetent ();
| /* The GNU C library defines this for functions which it implements
|     to always fail with ENOSYS.  Some functions are actually named
|     something starting with __ and the normal name is an alias.  */
| #if defined __stub_tgetent || defined __stub___tgetent
| choke me
| #endif
| 
| int
| main ()
| {
| return tgetent ();
|   ;
|   return 0;
| }
configure:4301: result: no
configure:4306: checking for tgetent in -ltinfo
configure:4341: gcc -o conftest -g -O2   conftest.c -ltinfo   >&5
configure:4348: $? = 0
configure:4369: result: yes
configure:4595: checking for readline in -lreadline
configure:4630: gcc -o conftest -g -O2   conftest.c -lreadline -ltinfo  >&5
configure:4637: $? = 0
configure:4658: result: yes
configure:4730: checking for pkg-config
configure:4748: found /usr/bin/pkg-config
configure:4760: result: /usr/bin/pkg-config
configure:4785: checking pkg-config is at least version 0.9.0
configure:4788: result: yes
configure:4799: checking for CIAO
configure:4814: $PKG_CONFIG --exists --print-errors "
  ascdm
  cxcparam
  stk
  err
  ds
  pix
  ardlib
"
configure:4825: $? = 0
configure:4854: $PKG_CONFIG --exists --print-errors "
  ascdm
  cxcparam
  stk
  err
  ds
  pix
  ardlib
"
configure:4865: $? = 0
configure:4982: result: yes
configure:4995: checking how to run the C preprocessor
configure:5035: gcc -E -DHDR_LIB_V2 -I/export/ciao/include -I/export/ciao/ots/include -I/export/ciao-4.11/include   conftest.c
configure:5042: $? = 0
configure:5073: gcc -E -DHDR_LIB_V2 -I/export/ciao/include -I/export/ciao/ots/include -I/export/ciao-4.11/include   conftest.c
conftest.c:10:28: error: ac_nonexistent.h: No such file or directory
configure:5080: $? = 1
configure: failed program was:
| /* confdefs.h.  */
| #define PACKAGE_NAME "mktae"
| #define PACKAGE_TARNAME "mktae"
| #define PACKAGE_VERSION "1.0.0"
| #define PACKAGE_STRING "mktae 1.0.0"
| #define PACKAGE_BUGREPORT "glotfeltyk@si.edu"
| #define PACKAGE "mktae"
| #define VERSION "1.0.0"
| /* end confdefs.h.  */
| #include <ac_nonexistent.h>
configure:5113: result: gcc -E
configure:5142: gcc -E -DHDR_LIB_V2 -I/export/ciao/include -I/export/ciao/ots/include -I/export/ciao-4.11/include   conftest.c
configure:5149: $? = 0
configure:5180: gcc -E -DHDR_LIB_V2 -I/export/ciao/include -I/export/ciao/ots/include -I/export/ciao-4.11/include   conftest.c
conftest.c:10:28: error: ac_nonexistent.h: No such file or directory
configure:5187: $? = 1
configure: failed program was:
| /* confdefs.h.  */
| #define PACKAGE_NAME "mktae"
| #define PACKAGE_TARNAME "mktae"
| #define PACKAGE_VERSION "1.0.0"
| #define PACKAGE_STRING "mktae 1.0.0"
| #define PACKAGE_BUGREPORT "glotfeltyk@si.edu"
| #define PACKAGE "mktae"
| #define VERSION "1.0.0"
| /* end confdefs.h.  */
| #include <ac_nonexistent.h>
configure:5227: checking for grep that handles long lines and -e
configure:5287: result: /bin/grep
configure:5292: checking for egrep
configure:5356: result: /bin/grep -E
configure:5361: checking for ANSI C header files
configure:5391: gcc -c -g -O2 -DHDR_LIB_V2 -I/export/ciao/include -I/export/ciao/ots/include -I/export/ciao-4.11/include   conftest.c >&5
configure:5398: $? = 0
configure:5497: gcc -o conftest -g -O2 -DHDR_LIB_V2 -I/export/ciao/include -I/export/ciao/ots/include -I/export/ciao-4.11/include    conftest.c   -lreadline -lhistory -lncurses -ltinfo >&5
configure:5501: $? = 0
configure:5507: ./conftest
configure:5511: $? = 0
configure:5529: result: yes
configure:5553: checking for sys/types.h
configure:5574: gcc -c -g -O2 -DHDR_LIB_V2 -I/export/ciao/include -I/export/ciao/ots/include -I/export/ciao-4.11/include   conftest.c >&5
configure:5581: $? = 0
configure:5598: result: yes
configure:5553: checking for sys/stat.h
configure:5574: gcc -c -g -O2 -DHDR_LIB_V2 -I/export/ciao/include -I/export/ciao/ots/include -I/export/ciao-4.11/include   conftest.c >&5
configure:5581: $? = 0
configure:5598: result: yes
configure:5553: checking for stdlib.h
configure:5574: gcc -c -g -O2 -DHDR_LIB_V2 -I/export/ciao/include -I/export/ciao/ots/include -I/export/ciao-4.11/include   conftest.c >&5
configure:5581: $? = 0
configure:5598: result: yes
configure:5553: checking for string.h
configure:5574: gcc -c -g -O2 -DHDR_LIB_V2 -I/export/ciao/include -I/export/ciao/ots/include -I/export/ciao-4.11/include   conftest.c >&5
configure:5581: $? = 0
configure:5598: result: yes
configure:5553: checking for memory.h
configure:5574: gcc -c -g -O2 -DHDR_LIB_V2 -I/export/ciao/include -I/export/ciao/ots/include -I/export/ciao-4.11/include   conftest.c >&5
configure:5581: $? = 0
configure:5598: result: yes
configure:5553: checking for strings.h
configure:5574: gcc -c -g -O2 -DHDR_LIB_V2 -I/export/ciao/include -I/export/ciao/ots/include -I/export/ciao-4.11/include   conftest.c >&5
configure:5581: $? = 0
configure:5598: result: yes
configure:5553: checking for inttypes.h
configure:5574: gcc -c -g -O2 -DHDR_LIB_V2 -I/export/ciao/include -I/export/ciao/ots/include -I/export/ciao-4.11/include   conftest.c >&5
configure:5581: $? = 0
configure:5598: result: yes
configure:5553: checking for stdint.h
configure:5574: gcc -c -g -O2 -DHDR_LIB_V2 -I/export/ciao/include -I/export/ciao/ots/include -I/export/ciao-4.11/include   conftest.c >&5
configure:5581: $? = 0
configure:5598: result: yes
configure:5553: checking for unistd.h
configure:5574: gcc -c -g -O2 -DHDR_LIB_V2 -I/export/ciao/include -I/export/ciao/ots/include -I/export/ciao-4.11/include   conftest.c >&5
configure:5581: $? = 0
configure:5598: result: yes
configure:5622: checking dmimgio.h usability
configure:5639: gcc -c -g -O2 -DHDR_LIB_V2 -I/export/ciao/include -I/export/ciao/ots/include -I/export/ciao-4.11/include   conftest.c >&5
configure:5646: $? = 0
configure:5660: result: yes
configure:5664: checking dmimgio.h presence
configure:5679: gcc -E -DHDR_LIB_V2 -I/export/ciao/include -I/export/ciao/ots/include -I/export/ciao-4.11/include   conftest.c
configure:5686: $? = 0
configure:5700: result: yes
configure:5733: checking for dmimgio.h
configure:5740: result: yes
configure:5953: creating ./config.status

## ---------------------- ##
## Running config.status. ##
## ---------------------- ##

This file was extended by mktae config.status 1.0.0, which was
generated by GNU Autoconf 2.63.  Invocation command line was

  CONFIG_FILES    = 
  CONFIG_HEADERS  = 
  CONFIG_LINKS    = 
  CONFIG_COMMANDS = 
  $ ./config.status 

on lenin

config.status:710: creating Makefile
config.status:710: creating src/Makefile
config.status:710: creating wrapper/Makefile
config.status:710: creating test/Makefile
config.status:710: creating wrapper/mktae
config.status:921: executing depfiles commands

## ---------------- ##
## Cache variables. ##
## ---------------- ##

ac_cv_c_compiler_gnu=yes
ac_cv_cxx_compiler_gnu=yes
ac_cv_env_CCC_set=
ac_cv_env_CCC_value=
ac_cv_env_CC_set=
ac_cv_env_CC_value=
ac_cv_env_CFLAGS_set=
ac_cv_env_CFLAGS_value=
ac_cv_env_CIAO_CFLAGS_set=
ac_cv_env_CIAO_CFLAGS_value=
ac_cv_env_CIAO_LIBS_set=
ac_cv_env_CIAO_LIBS_value=
ac_cv_env_CPPFLAGS_set=
ac_cv_env_CPPFLAGS_value=
ac_cv_env_CPP_set=
ac_cv_env_CPP_value=
ac_cv_env_CXXFLAGS_set=
ac_cv_env_CXXFLAGS_value=
ac_cv_env_CXX_set=
ac_cv_env_CXX_value=
ac_cv_env_LDFLAGS_set=
ac_cv_env_LDFLAGS_value=
ac_cv_env_LIBS_set=
ac_cv_env_LIBS_value=
ac_cv_env_PKG_CONFIG_set=
ac_cv_env_PKG_CONFIG_value=
ac_cv_env_build_alias_set=
ac_cv_env_build_alias_value=
ac_cv_env_host_alias_set=
ac_cv_env_host_alias_value=
ac_cv_env_target_alias_set=
ac_cv_env_target_alias_value=
ac_cv_func_tgetent=no
ac_cv_header_dmimgio_h=yes
ac_cv_header_inttypes_h=yes
ac_cv_header_memory_h=yes
ac_cv_header_stdc=yes
ac_cv_header_stdint_h=yes
ac_cv_header_stdlib_h=yes
ac_cv_header_string_h=yes
ac_cv_header_strings_h=yes
ac_cv_header_sys_stat_h=yes
ac_cv_header_sys_types_h=yes
ac_cv_header_unistd_h=yes
ac_cv_lib_readline_readline=yes
ac_cv_lib_tinfo_tgetent=yes
ac_cv_objext=o
ac_cv_path_EGREP='/bin/grep -E'
ac_cv_path_GREP=/bin/grep
ac_cv_path_SED=/bin/sed
ac_cv_path_ac_pt_PKG_CONFIG=/usr/bin/pkg-config
ac_cv_path_install='/usr/bin/install -c'
ac_cv_path_mkdir=/bin/mkdir
ac_cv_prog_AWK=gawk
ac_cv_prog_CPP='gcc -E'
ac_cv_prog_ac_ct_CC=gcc
ac_cv_prog_ac_ct_CXX=g++
ac_cv_prog_cc_c89=
ac_cv_prog_cc_g=yes
ac_cv_prog_cc_gcc_c_o=yes
ac_cv_prog_cxx_g=yes
ac_cv_prog_make_make_set=yes
am_cv_CC_dependencies_compiler_type=gcc3
am_cv_CXX_dependencies_compiler_type=gcc3
pkg_cv_CIAO_CFLAGS='-DHDR_LIB_V2 -I/export/ciao/include -I/export/ciao/ots/include -I/export/ciao-4.11/include  '
pkg_cv_CIAO_LIBS='-L/export/ciao/lib -L/export/ciao/ots/lib -L/export/ciao-4.11/lib -lds -lerr -lNewHdr2 -lcaldb4 -lstk -lardlib -lpix -lm -lascdm -lcxcparam -lcfitsio -lregion -lreadline -lhistory  '

## ----------------- ##
## Output variables. ##
## ----------------- ##

ACLOCAL='${SHELL} /data/lenin2/Projects/kCIAO/Mktae/missing --run aclocal-1.11'
AMDEPBACKSLASH='\'
AMDEP_FALSE='#'
AMDEP_TRUE=''
AMTAR='${SHELL} /data/lenin2/Projects/kCIAO/Mktae/missing --run tar'
AUTOCONF='${SHELL} /data/lenin2/Projects/kCIAO/Mktae/missing --run autoconf'
AUTOHEADER='${SHELL} /data/lenin2/Projects/kCIAO/Mktae/missing --run autoheader'
AUTOMAKE='${SHELL} /data/lenin2/Projects/kCIAO/Mktae/missing --run automake-1.11'
AWK='gawk'
CC='gcc'
CCDEPMODE='depmode=gcc3'
CFLAGS='-g -O2'
CIAO_CFLAGS='-DHDR_LIB_V2 -I/export/ciao/include -I/export/ciao/ots/include -I/export/ciao-4.11/include  '
CIAO_LIBS='-L/export/ciao/lib -L/export/ciao/ots/lib -L/export/ciao-4.11/lib -lds -lerr -lNewHdr2 -lcaldb4 -lstk -lardlib -lpix -lm -lascdm -lcxcparam -lcfitsio -lregion -lreadline -lhistory  '
CPP='gcc -E'
CPPFLAGS=''
CXX='g++'
CXXDEPMODE='depmode=gcc3'
CXXFLAGS='-g -O2'
CYGPATH_W='echo'
DEFS='-DPACKAGE_NAME=\"mktae\" -DPACKAGE_TARNAME=\"mktae\" -DPACKAGE_VERSION=\"1.0.0\" -DPACKAGE_STRING=\"mktae\ 1.0.0\" -DPACKAGE_BUGREPORT=\"glotfeltyk@si.edu\" -DPACKAGE=\"mktae\" -DVERSION=\"1.0.0\" -DSTDC_HEADERS=1 -DHAVE_SYS_TYPES_H=1 -DHAVE_SYS_STAT_H=1 -DHAVE_STDLIB_H=1 -DHAVE_STRING_H=1 -DHAVE_MEMORY_H=1 -DHAVE_STRINGS_H=1 -DHAVE_INTTYPES_H=1 -DHAVE_STDINT_H=1 -DHAVE_UNISTD_H=1'
DEPDIR='.deps'
ECHO_C=''
ECHO_N='-n'
ECHO_T=''
EGREP='/bin/grep -E'
EXEEXT=''
GREP='/bin/grep'
INSTALL_DATA='${INSTALL} -m 644'
INSTALL_PROGRAM='${INSTALL}'
INSTALL_SCRIPT='${INSTALL}'
INSTALL_STRIP_PROGRAM='$(install_sh) -c -s'
LDFLAGS=''
LIBOBJS=''
LIBS='  -lreadline -lhistory -lncurses -ltinfo'
LINUX_FALSE='#'
LINUX_TRUE=''
LTLIBOBJS=''
MAKEINFO='${SHELL} /data/lenin2/Projects/kCIAO/Mktae/missing --run makeinfo'
MKDIR_P='/bin/mkdir -p'
OBJEXT='o'
PACKAGE='mktae'
PACKAGE_BUGREPORT='glotfeltyk@si.edu'
PACKAGE_NAME='mktae'
PACKAGE_STRING='mktae 1.0.0'
PACKAGE_TARNAME='mktae'
PACKAGE_VERSION='1.0.0'
PATH_SEPARATOR=':'
PKG_CONFIG='/usr/bin/pkg-config'
SED='/bin/sed'
SET_MAKE=''
SHELL='/bin/sh'
STRIP=''
VERSION='1.0.0'
ac_ct_CC='gcc'
ac_ct_CXX='g++'
am__EXEEXT_FALSE=''
am__EXEEXT_TRUE='#'
am__fastdepCC_FALSE='#'
am__fastdepCC_TRUE=''
am__fastdepCXX_FALSE='#'
am__fastdepCXX_TRUE=''
am__include='include'
am__isrc=''
am__leading_dot='.'
am__quote=''
am__tar='${AMTAR} chof - "$$tardir"'
am__untar='${AMTAR} xf -'
bindir='${exec_prefix}/bin'
build_alias=''
datadir='${datarootdir}'
datarootdir='${prefix}/share'
docdir='${datarootdir}/doc/${PACKAGE_TARNAME}'
dvidir='${docdir}'
exec_prefix='${prefix}'
host_alias=''
htmldir='${docdir}'
includedir='${prefix}/include'
infodir='${datarootdir}/info'
install_sh='${SHELL} /data/lenin2/Projects/kCIAO/Mktae/install-sh'
libdir='${exec_prefix}/lib'
libexecdir='${exec_prefix}/libexec'
localedir='${datarootdir}/locale'
localstatedir='${prefix}/var'
mandir='${datarootdir}/man'
mkdir_p='/bin/mkdir -p'
oldincludedir='/usr/include'
pdfdir='${docdir}'
prefix='/export/ciao'
program_transform_name='s,x,x,'
psdir='${docdir}'
sbindir='${exec_prefix}/sbin'
sharedstatedir='${prefix}/com'
sysconfdir='${prefix}/etc'
target_alias=''

## ----------- ##
## confdefs.h. ##
## ----------- ##

#define PACKAGE_NAME "mktae"
#define PACKAGE_TARNAME "mktae"
#define PACKAGE_VERSION "1.0.0"
#define PACKAGE_STRING "mktae 1.0.0"
#define PACKAGE_BUGREPORT "glotfeltyk@si.edu"
#define PACKAGE "mktae"
#define VERSION "1.0.0"
#define STDC_HEADERS 1
#define HAVE_SYS_TYPES_H 1
#define HAVE_SYS_STAT_H 1
#define HAVE_STDLIB_H 1
#define HAVE_STRING_H 1
#define HAVE_MEMORY_H 1
#define HAVE_STRINGS_H 1
#define HAVE_INTTYPES_H 1
#define HAVE_STDINT_H 1
#define HAVE_UNISTD_H 1

configure: exit 0

## ---------------------- ##
## Running config.status. ##
## ---------------------- ##

This file was extended by mktae config.status 1.0.0, which was
generated by GNU Autoconf 2.63.  Invocation command line was

  CONFIG_FILES    = 
  CONFIG_HEADERS  = 
  CONFIG_LINKS    = 
  CONFIG_COMMANDS = 
  $ ./config.status src/Makefile depfiles

on lenin

config.status:710: creating src/Makefile
config.status:921: executing depfiles commands
